<?xml version="1.0" encoding="UTF-8"?>
<!-- Generated by org.testng.reporters.JUnitReportReporter -->
<testsuite skipped="0" hostname="Vardhmans-MacBook-Pro.local" name="Tests.EbayTest" tests="1" failures="0" timestamp="09 Dec 2019 17:39:35 GMT" time="44.783" errors="0">
  <testcase name="testSteps" time="44.783" classname="Tests.EbayTest"/>
</testsuite> <!-- Tests.EbayTest -->
